
ROM used:   15336/32768 (47%)
            15336/32768 (47%) including unused fragments

            2.1 Average locations per line
            9.3 Average locations per statement

RAM used:   755/1536 (49%) at main() level
            800/1536 (52%) worst case

Stack used: 6 worst case (4 in main + 2 for interrupts)
Stack size: 31

Lines Stmts  %   Files
----- ----- ---  -----
  783   348  21  lfr_tren.c
   57     0   0  lfr_tren.h
 1032     0   0  C:\Program Files (x86)\PICC\devices\18F45K22.h
  128     0   0  tanimlamalar.h
   37     0   0  C:\Program Files (x86)\PICC\drivers\stdio.h
  435     0   0  C:\Program Files (x86)\PICC\drivers\string.h
   32     0   0  C:\Program Files (x86)\PICC\drivers\stddef.h
   28     0   0  C:\Program Files (x86)\PICC\drivers\ctype.h
 2227   258  16  C:\Program Files (x86)\PICC\drivers\math.h
 1352   359  22  C:\Program Files (x86)\PICC\drivers\stdlib.h
   30     0   0  timer.h
   69    39   2  hc595_spi.c
  195    78   5  dfPlayer.c
   68     0   0  dfPlayer.h
   95    16   1  pid_hesapla.c
  420   167  10  k_means_fonk.c
  460   380  23  rf_islemler.c
----- -----
 7448  1645 Total

Page ROM  %  RAM    Vol Diff  Functions:
---- --- --- ---    --- ----  ----------
0     42   0    1             @delay_ms1
0     36   0    1             @delay_us1
0     10   0    0             @PUTCHARI_BIU_2
0    122   0   10             @FLT
0     60   0    4             @SFTOI
0     54   0    2             @ITOF
0    246   1   11             @MULFF
0    350   1   14             @DIVFF
0     80   0    2             @SITOF
0    120   0    6             @DIVS1616
0     86   0    6             @MULS1616
0    104   0   14             @MUL3232
0    114   0    4    101  3.8  rand
0     70   0    5             @DIV1616
0     20   0    4     39  2.1  srand
0     36   0    5             @MUL1616
0     86   0    5    353  5.3  hc595_spi_yaz
0    166   1   20    873  5.3  sendCommand
0     18   0    1     43  1.5  mp3_set_volume
0     28   0    4     86  1.7  mp3_play
0     16   0    0     33  1.3  mp3_stop
0     52   0    1    160  4.8  mp3_list_kontrol
0    316   1    8    978  8.7  mp3_rastgele
0     26   0    0             @MEMSET
0    428   1   22    679  8.4  pdKontrol
0    634   2    5    942 10.2  k_means_veri_havuzu_olustur
0    284   1    9    667  7.0  k_means_baslangic_esik
0    138   0    8    230  4.5  k_means_baslangic_esik_olustur
0   1136   4    5   1631  8.3  sens_cizgi_durum_getir
0     20   0    0             @const1293
0     42   0    3             @PSTRINGCN_9600_31774_31775
0     44   0    3             @DIV88
0    126   0    2             @PRINTF_U_9600_31774_31775
0     22   0    0             @const1302
0    876   3   18   2086 11.4  k_means_max_min_esik
0    152   0   16             @DIV3232
0     50   0    2     78  1.3  JtnSureAyarSeslendir
0   2558   8    2   9439 10.5  rf_islemler
0    268   1    4    707  5.8  sureSon
0   1230   4    5   2086  4.9  sureBul
0   2124   7    4   5748 10.9  MAIN
0     20   0    0             @const1330
0    182   1    9             @PRINTF_LU_9600_31774_31775
0    238   1    9             @PRINTF_LD_9600_31774_31775
0    274   1   12    568  8.0  agirlikliPosGetir
0     64   0    4             @MUL321616
0    230   1    6   1273  4.9  ir_sens_adc_oku
0     20   0    0     88  1.7  millis_kurulum
0     90   0    0    391  3.7  Timer0_int
0    238   1    5    773  6.7  sens_led_goster
0    190   1    9    249  4.5  bipp
0     66   0    6             @WRITEBITA
0     38   0    2     74  2.2  delay_m_us
0    230   1    5    312  4.5  v_aku_oku
0    880   3    6   2472  6.4  aku_sarj_seslendir
 Inline         0             @cinit1

Program metrics:
    Functions               29
    Statements              1645
    Comments                1761
    Volume (V)              51398
    Difficulty (D)          160.9
    Effort to implement (E) 8270322
    Time to implement (T)   127 hours, 38 minutes
    Est Delivered Bugs (B)  14
    Cyclomatic Complexity   206
    Maintainability (MI)    41

 Segment     Used  Free
-----------  ----  ----
00000-00002     4  0  
00004-00006     0  4  
00008-000BC   182  0  
000BE-07FFE  15150  17428  



